time=2026-07-14T21:37:27.689-04:00 level=INFO msg=starting env=development environment=development
time=2026-07-14T21:37:27.695-04:00 level=INFO msg="connected to postgres" env=development host=localhost database=app
time=2026-07-14T21:37:27.695-04:00 level=WARN msg="MAIL_BACKEND=log: emails are PRINTED TO THIS LOG, not sent. Invitation and password-reset links will appear here in full." env=development
time=2026-07-14T21:37:27.699-04:00 level=INFO msg="CORS enabled" env=development origins=[https://app.example.com]
time=2026-07-14T21:37:27.699-04:00 level=INFO msg="rate limiting enabled (in-memory, PER-REPLICA -- put the real limiter at your proxy)" env=development attempts=10 window=1m0s
time=2026-07-14T21:37:27.699-04:00 level=INFO msg="http server listening" env=development addr=0.0.0.0:8099
time=2026-07-14T21:37:28.198-04:00 level=INFO msg=request env=development method=GET path=/healthz status=200 duration=34.847µs request_id=cachyos-x8664/tLorSCTs4a-000001
time=2026-07-14T21:37:28.233-04:00 level=INFO msg="EMAIL (not sent -- MAIL_BACKEND=log)" env=development to=alice@example.com subject="Confirm your email address" body="\nConfirm this email address to finish setting up your account:\n\n    http://localhost:8080/auth/email/verify?token=mtt_ver_XsNKYal3wuaBuPilu7Sdm67LKbirKXFGGXoQAhJKmvU\n\nThe link works once and expires in 24 hour(s).\n\nYou can sign in without it, but you will not be able to create anything until the\naddress is confirmed.\n\nIf you did not create an account, ignore this -- nothing will happen.\n"
time=2026-07-14T21:37:28.233-04:00 level=INFO msg=request env=development method=POST path=/api/v1/auth/register status=201 duration=29.256045ms request_id=cachyos-x8664/tLorSCTs4a-000002
time=2026-07-14T21:37:28.241-04:00 level=INFO msg=request env=development method=POST path=/api/v1/auth/email/verify status=200 duration=1.504475ms request_id=cachyos-x8664/tLorSCTs4a-000003
time=2026-07-14T21:37:28.276-04:00 level=INFO msg="EMAIL (not sent -- MAIL_BACKEND=log)" env=development to=carol@example.com subject="Confirm your email address" body="\nConfirm this email address to finish setting up your account:\n\n    http://localhost:8080/auth/email/verify?token=mtt_ver_FtLtjuefWNBsAkEUUoiqRwR_q-3D33GgAQer4MRzCNU\n\nThe link works once and expires in 24 hour(s).\n\nYou can sign in without it, but you will not be able to create anything until the\naddress is confirmed.\n\nIf you did not create an account, ignore this -- nothing will happen.\n"
time=2026-07-14T21:37:28.276-04:00 level=INFO msg=request env=development method=POST path=/api/v1/auth/register status=201 duration=30.672431ms request_id=cachyos-x8664/tLorSCTs4a-000004
time=2026-07-14T21:37:28.283-04:00 level=INFO msg=request env=development method=POST path=/api/v1/auth/email/verify status=200 duration=1.509438ms request_id=cachyos-x8664/tLorSCTs4a-000005
time=2026-07-14T21:37:28.308-04:00 level=INFO msg=request env=development method=POST path=/api/v1/auth/login status=200 duration=20.603943ms request_id=cachyos-x8664/tLorSCTs4a-000006
time=2026-07-14T21:37:28.321-04:00 level=INFO msg=request env=development method=POST path=/api/v1/organizations status=201 duration=5.338637ms request_id=cachyos-x8664/tLorSCTs4a-000007
time=2026-07-14T21:37:28.327-04:00 level=INFO msg=request env=development method=GET path=/api/v1/organizations/acme/roles status=200 duration=1.446542ms request_id=cachyos-x8664/tLorSCTs4a-000008
time=2026-07-14T21:37:28.338-04:00 level=INFO msg="EMAIL (not sent -- MAIL_BACKEND=log)" env=development to=carol@example.com subject="You have been invited to join Acme Inc" body="\nalice@example.com has invited you to join Acme Inc.\n\nAccept the invitation:\n\n    http://localhost:8080/invitations/accept?token=mtt_inv_K7zq78jgkm8WKaPw7_umFva3wNxLdct98u69hcTEf_s\n\nIf you do not have an account yet, you will be asked to create one first --\nuse this same email address, or the invitation will not match.\n\nIf you were not expecting this, you can ignore it. The link expires on its own.\n"
time=2026-07-14T21:37:28.338-04:00 level=INFO msg=request env=development method=POST path=/api/v1/organizations/acme/invitations status=201 duration=3.546613ms request_id=cachyos-x8664/tLorSCTs4a-000009
time=2026-07-14T21:37:28.368-04:00 level=INFO msg=request env=development method=POST path=/api/v1/auth/login status=200 duration=19.902934ms request_id=cachyos-x8664/tLorSCTs4a-000010
time=2026-07-14T21:37:28.378-04:00 level=INFO msg=request env=development method=POST path=/api/v1/invitations/accept status=200 duration=2.747113ms request_id=cachyos-x8664/tLorSCTs4a-000011
time=2026-07-14T21:37:28.384-04:00 level=INFO msg="EMAIL (not sent -- MAIL_BACKEND=log)" env=development to=alice@example.com subject="Reset your password" body="\nSomebody asked to reset the password for this account.\n\nSet a new password:\n\n    http://localhost:8080/auth/password/reset?token=mtt_pwr_7thptBvLmAFGqX0KYn6Jj_kF2S1RxbRLOb9d0f7P364\n\nThe link works once and expires in 1 hour(s).\n\nIf this was not you, you do not need to do anything -- your password has not\nchanged, and it will not change unless somebody uses the link above.\n"
time=2026-07-14T21:37:28.384-04:00 level=INFO msg=request env=development method=POST path=/api/v1/auth/password/reset status=204 duration=1.147168ms request_id=cachyos-x8664/tLorSCTs4a-000012
time=2026-07-14T21:37:28.388-04:00 level=INFO msg=request env=development method=POST path=/api/v1/auth/password/reset status=204 duration=409.807µs request_id=cachyos-x8664/tLorSCTs4a-000013
time=2026-07-14T21:37:28.415-04:00 level=INFO msg=request env=development method=POST path=/api/v1/auth/login status=200 duration=20.027112ms request_id=cachyos-x8664/tLorSCTs4a-000014
time=2026-07-14T21:37:28.423-04:00 level=INFO msg=request env=development method=GET path=/api/v1/auth/me status=200 duration=810.025µs request_id=cachyos-x8664/tLorSCTs4a-000015
time=2026-07-14T21:37:28.446-04:00 level=INFO msg=request env=development method=POST path=/api/v1/auth/password/reset/confirm status=204 duration=18.279909ms request_id=cachyos-x8664/tLorSCTs4a-000016
time=2026-07-14T21:37:28.452-04:00 level=INFO msg=request env=development method=GET path=/api/v1/auth/me status=401 duration=524.156µs request_id=cachyos-x8664/tLorSCTs4a-000017
time=2026-07-14T21:37:28.478-04:00 level=INFO msg=request env=development method=POST path=/api/v1/auth/login status=401 duration=21.128385ms request_id=cachyos-x8664/tLorSCTs4a-000018
time=2026-07-14T21:37:28.502-04:00 level=INFO msg=request env=development method=POST path=/api/v1/auth/login status=200 duration=18.836984ms request_id=cachyos-x8664/tLorSCTs4a-000019
time=2026-07-14T21:37:28.526-04:00 level=INFO msg=request env=development method=POST path=/api/v1/auth/password/reset/confirm status=400 duration=17.770591ms request_id=cachyos-x8664/tLorSCTs4a-000020
time=2026-07-14T21:37:28.551-04:00 level=INFO msg=request env=development method=POST path=/api/v1/auth/password/reset/confirm status=400 duration=20.328475ms request_id=cachyos-x8664/tLorSCTs4a-000021
time=2026-07-14T21:37:28.577-04:00 level=INFO msg=request env=development method=POST path=/api/v1/auth/login status=401 duration=18.353673ms request_id=cachyos-x8664/tLorSCTs4a-000022
time=2026-07-14T21:37:28.602-04:00 level=INFO msg=request env=development method=POST path=/api/v1/auth/login status=401 duration=19.639175ms request_id=cachyos-x8664/tLorSCTs4a-000023
time=2026-07-14T21:37:28.627-04:00 level=INFO msg=request env=development method=POST path=/api/v1/auth/login status=401 duration=20.219455ms request_id=cachyos-x8664/tLorSCTs4a-000024
time=2026-07-14T21:37:28.657-04:00 level=INFO msg=request env=development method=POST path=/api/v1/auth/login status=401 duration=24.86074ms request_id=cachyos-x8664/tLorSCTs4a-000025
time=2026-07-14T21:37:28.681-04:00 level=INFO msg=request env=development method=POST path=/api/v1/auth/login status=401 duration=18.504273ms request_id=cachyos-x8664/tLorSCTs4a-000026
time=2026-07-14T21:37:28.686-04:00 level=WARN msg="security event" env=development security_event=access.rate_limited method=POST path=/api/v1/auth/login
time=2026-07-14T21:37:28.686-04:00 level=INFO msg=request env=development method=POST path=/api/v1/auth/login status=429 duration=588.295µs request_id=cachyos-x8664/tLorSCTs4a-000027
time=2026-07-14T21:37:28.691-04:00 level=WARN msg="security event" env=development security_event=access.rate_limited method=POST path=/api/v1/auth/login
time=2026-07-14T21:37:28.691-04:00 level=INFO msg=request env=development method=POST path=/api/v1/auth/login status=429 duration=630.971µs request_id=cachyos-x8664/tLorSCTs4a-000028
time=2026-07-14T21:37:28.696-04:00 level=WARN msg="security event" env=development security_event=access.rate_limited method=POST path=/api/v1/auth/login
time=2026-07-14T21:37:28.696-04:00 level=INFO msg=request env=development method=POST path=/api/v1/auth/login status=429 duration=416.686µs request_id=cachyos-x8664/tLorSCTs4a-000029
time=2026-07-14T21:37:28.701-04:00 level=WARN msg="security event" env=development security_event=access.rate_limited method=POST path=/api/v1/auth/login
time=2026-07-14T21:37:28.701-04:00 level=INFO msg=request env=development method=POST path=/api/v1/auth/login status=429 duration=454.374µs request_id=cachyos-x8664/tLorSCTs4a-000030
time=2026-07-14T21:37:28.706-04:00 level=WARN msg="security event" env=development security_event=access.rate_limited method=POST path=/api/v1/auth/login
time=2026-07-14T21:37:28.706-04:00 level=INFO msg=request env=development method=POST path=/api/v1/auth/login status=429 duration=391.897µs request_id=cachyos-x8664/tLorSCTs4a-000031
time=2026-07-14T21:37:28.710-04:00 level=WARN msg="security event" env=development security_event=access.rate_limited method=POST path=/api/v1/auth/login
time=2026-07-14T21:37:28.710-04:00 level=INFO msg=request env=development method=POST path=/api/v1/auth/login status=429 duration=464.966µs request_id=cachyos-x8664/tLorSCTs4a-000032
time=2026-07-14T21:37:28.715-04:00 level=WARN msg="security event" env=development security_event=access.rate_limited method=POST path=/api/v1/auth/login
time=2026-07-14T21:37:28.715-04:00 level=INFO msg=request env=development method=POST path=/api/v1/auth/login status=429 duration=339.813µs request_id=cachyos-x8664/tLorSCTs4a-000033
time=2026-07-14T21:37:28.719-04:00 level=WARN msg="security event" env=development security_event=access.rate_limited method=POST path=/api/v1/auth/login
time=2026-07-14T21:37:28.719-04:00 level=INFO msg=request env=development method=POST path=/api/v1/auth/login status=429 duration=418.34µs request_id=cachyos-x8664/tLorSCTs4a-000034
time=2026-07-14T21:37:28.724-04:00 level=WARN msg="security event" env=development security_event=access.rate_limited method=POST path=/api/v1/auth/login
time=2026-07-14T21:37:28.724-04:00 level=INFO msg=request env=development method=POST path=/api/v1/auth/login status=429 duration=549.911µs request_id=cachyos-x8664/tLorSCTs4a-000035
time=2026-07-14T21:37:28.729-04:00 level=WARN msg="security event" env=development security_event=access.rate_limited method=POST path=/api/v1/auth/login
time=2026-07-14T21:37:28.729-04:00 level=INFO msg=request env=development method=POST path=/api/v1/auth/login status=429 duration=400.957µs request_id=cachyos-x8664/tLorSCTs4a-000036
time=2026-07-14T21:37:28.735-04:00 level=WARN msg="security event" env=development security_event=access.rate_limited method=POST path=/api/v1/auth/login
time=2026-07-14T21:37:28.736-04:00 level=INFO msg=request env=development method=POST path=/api/v1/auth/login status=429 duration=343.567µs request_id=cachyos-x8664/tLorSCTs4a-000037
time=2026-07-14T21:37:28.741-04:00 level=INFO msg=request env=development method=POST path=/api/v1/auth/password/reset status=204 duration=508.621µs request_id=cachyos-x8664/tLorSCTs4a-000038
time=2026-07-14T21:37:28.767-04:00 level=INFO msg="shutdown signal received" env=development
time=2026-07-14T21:37:28.767-04:00 level=INFO msg="http server shutting down" env=development
time=2026-07-14T21:37:28.767-04:00 level=INFO msg="shutdown complete" env=development
